[C] started listening on port 5555
[C] JOIN received from 6666
[C] started listening on port 5555
[C] JOIN received from 7777
[C] started listening on port 5555
[C] JOIN received from 8888
[C] accepted connection from port 6666
[C] message sent to 6666: "DETAILS 6666 7777 8888 "
[C] accepted connection from port 7777
[C] message sent to 7777: "DETAILS 6666 7777 8888 "
[C] accepted connection from port 8888
[C] message sent to 8888: "DETAILS 6666 7777 8888 "
[C] details sent to 5555: 6666, 7777, 8888
[C] accepted connection from port 6666
[C] message sent to 6666: "VOTE_OPTIONS A B C "
[C] accepted connection from port 7777
[C] message sent to 7777: "VOTE_OPTIONS A B C "
[C] accepted connection from port 8888
[C] message sent to 8888: "VOTE_OPTIONS A B C "
[C] vote options sent to 5555: A, B, C
