[P8001] connection established to port 5002
[P8001] JOIN sent to Coordinator on port 5002
[P8001] connection established to port 8001
[P8001] started listening on port 8001
[P8001] received participant ports: 6001, 7001, 8001
[P8001] connection established to port 8001
[P8001] started listening on port 8001
[P8001] received vote options: A, B, C
[P8001] begin round 1
[P8001] votes received from 7001: <7001, A>
[P8001] votes received from 6001: <6001, A>
[P8001] votes sent to 6001: <8001, B>
[P8001] end round 1
[P8001] begin round 2
[P8001] votes sent to 7001: <8001, B>
[P8001] votes received from 6001: <6001, A>
[P8001] votes sent to 6001: <8001, B>, <7001, A>, <6001, A>
[P8001] votes received from 6001: <6001, A>, <6001, A>, <6001, B>
[P8001] votes sent to 7001: <8001, B>, <7001, A>, <6001, A>
[P8001] votes sent to 6001: <8001, B>, <7001, A>, <6001, A>
[P8001] end round 2
[P8001] begin round 3
[P8001] votes sent to 7001: <8001, B>, <7001, A>, <6001, A>
[P8001] votes received from 6001: <6001, A>, <6001, A>, <6001, B>, <6001, A>, <6001, B>, <6001, A>, <6001, A>
[P8001] votes sent to 6001: <8001, B>, <7001, A>, <6001, A>, <6001, A>, <6001, A>, <6001, A>, <6001, B>
[P8001] votes received from 6001: <6001, A>, <6001, A>, <6001, B>, <6001, A>, <6001, B>, <6001, A>, <6001, A>
[P8001] end round 3
[P8001] begin round 4
