[P7777] connection established to port 5555
[P7777] JOIN sent to Coordinator on port 5555
[P7777] connection established to port 7777
[P7777] started listening on port 7777
[P7777] received participant ports: 6666, 7777, 8888
[P7777] connection established to port 7777
[P7777] started listening on port 7777
[P7777] received vote options: A, B, C
[P7777] begin round 1
[P7777] votes sent to 6666: <7777, B>
[P7777] votes received from 6666: <6666, A>
[P7777] votes sent to 8888: <7777, B>
[P7777] votes received from 6666: <6666, A>
[P7777] votes sent to 6666: <7777, B>
[P7777] votes sent to 8888: <7777, B>
[P7777] votes received from 6666: <6666, A>
[P7777] votes sent to 6666: <7777, B>
[P7777] votes sent to 8888: <7777, B>
[P7777] votes received from 6666: <6666, A>
[P7777] votes sent to 6666: <7777, B>
[P7777] votes sent to 8888: <7777, B>
[P7777] votes received from 6666: <6666, A>
[P7777] votes sent to 6666: <7777, B>
[P7777] votes sent to 8888: <7777, B>
[P7777] votes received from 6666: <6666, A>
[P7777] votes sent to 6666: <7777, B>
[P7777] votes sent to 8888: <7777, B>
[P7777] votes received from 6666: <6666, A>
[P7777] votes sent to 6666: <7777, B>
[P7777] votes sent to 8888: <7777, B>
[P7777] votes received from 8888: <8888, B>
[P7777] votes sent to 6666: <7777, B>
[P7777] votes received from 8888: <8888, B>
[P7777] votes sent to 8888: <7777, B>
[P7777] votes sent to 6666: <7777, B>
[P7777] votes received from 6666: <6666, A>
[P7777] votes sent to 8888: <7777, B>
[P7777] votes received from 8888: <8888, B>
[P7777] votes sent to 6666: <7777, B>
[P7777] votes received from 6666: <6666, A>
