[P8888] connection established to port 5555
[P8888] JOIN sent to Coordinator on port 5555
[P8888] connection established to port 8888
[P8888] started listening on port 8888
[P8888] received participant ports: 6666, 7777, 8888
[P8888] connection established to port 8888
[P8888] started listening on port 8888
[P8888] received vote options: A, B, C
[P8888] begin round 1
[P8888] votes received from 7777: <7777, B>
[P8888] votes received from 6666: <6666, A>
[P8888] votes sent to 6666: <8888, B>
[P8888] votes received from 6666: <6666, A>
[P8888] votes received from 7777: <7777, B>
[P8888] votes received from 6666: <6666, A>
[P8888] votes received from 7777: <7777, B>
[P8888] votes received from 6666: <6666, A>
[P8888] votes received from 7777: <7777, B>
[P8888] votes received from 6666: <6666, A>
[P8888] votes received from 7777: <7777, B>
[P8888] votes received from 6666: <6666, A>
[P8888] votes received from 7777: <7777, B>
[P8888] votes received from 6666: <6666, A>
[P8888] votes received from 7777: <7777, B>
[P8888] votes sent to 7777: <8888, B>
[P8888] votes sent to 6666: <8888, B>
[P8888] votes sent to 7777: <8888, B>
[P8888] votes received from 7777: <7777, B>
[P8888] votes received from 7777: <7777, B>
[P8888] votes sent to 6666: <8888, B>
[P8888] votes received from 6666: <6666, A>
[P8888] votes sent to 7777: <8888, B>
