[P6001] connection established to port 5002
[P6001] JOIN sent to Coordinator on port 5002
[P6001] connection established to port 6001
[P6001] started listening on port 6001
[P6001] received participant ports: 6001, 7001, 8001
[P6001] connection established to port 6001
[P6001] started listening on port 6001
[P6001] received vote options: A, B, C
[P6001] begin round 1
[P6001] votes received from 7001: <7001, A>
[P6001] votes sent to 7001: <6001, A>
[P6001] votes sent to 8001: <6001, A>
[P6001] votes received from 8001: <8001, B>
[P6001] votes sent to 7001: <6001, A>
[P6001] end round 1
[P6001] begin round 2
[P6001] votes sent to 8001: <6001, A>
[P6001] votes sent to 7001: <6001, A>, <7001, A>, <8001, B>
[P6001] votes received from 7001: <7001, A>
[P6001] votes received from 8001: <8001, B>, <8001, A>, <8001, A>
[P6001] end round 2
[P6001] begin round 3
[P6001] votes sent to 8001: <6001, A>, <7001, A>, <8001, B>
[P6001] votes received from 8001: <8001, B>, <8001, A>, <8001, A>
[P6001] votes sent to 7001: <6001, A>, <7001, A>, <8001, B>, <7001, A>, <8001, B>, <8001, A>, <8001, A>
[P6001] votes sent to 8001: <6001, A>, <7001, A>, <8001, B>, <7001, A>, <8001, B>, <8001, A>, <8001, A>
[P6001] votes sent to 7001: <6001, A>, <7001, A>, <8001, B>, <7001, A>, <8001, B>, <8001, A>, <8001, A>
[P6001] votes received from 8001: <8001, B>, <8001, A>, <8001, A>, <8001, A>, <8001, A>, <8001, A>, <8001, B>
[P6001] end round 3
[P6001] begin round 4
[P6001] votes sent to 8001: <6001, A>, <7001, A>, <8001, B>, <7001, A>, <8001, B>, <8001, A>, <8001, A>
