[P6000] connection established to port 5000
[P6000] JOIN sent to Coordinator on port 5000
[P6000] connection established to port 6000
[P6000] started listening on port 6000
[P6000] received participant ports: 6000, 7000, 8000
[P6000] connection established to port 6000
[P6000] started listening on port 6000
[P6000] received vote options: A, B, C
[P6000] begin round 1
[P6000] votes received from 7000: <7000, B>
[P6000] votes sent to 7000: <6000, B>
[P6000] votes sent to 8000: <6000, B>
[P6000] votes received from 7000: <7000, B>
[P6000] votes sent to 7000: <6000, B>
[P6000] end round 1
[P6000] begin round 2
[P6000] votes received from 8000: <8000, A>
[P6000] votes sent to 8000: <6000, B>
[P6000] votes sent to 7000: <6000, B>, <7000, B>, <7000, B>
[P6000] votes received from 8000: <8000, A>, <8000, B>, <8000, B>
[P6000] end round 2
[P6000] begin round 3
[P6000] votes sent to 8000: <6000, B>, <7000, B>, <7000, B>
[P6000] votes sent to 7000: <6000, B>, <7000, B>, <7000, B>, <8000, A>, <8000, A>, <8000, B>, <8000, B>
[P6000] votes received from 8000: <8000, A>, <8000, B>, <8000, B>, <8000, B>, <8000, B>
[P6000] votes sent to 8000: <6000, B>, <7000, B>, <7000, B>, <8000, A>, <8000, A>, <8000, B>, <8000, B>
[P6000] votes sent to 7000: <6000, B>, <7000, B>, <7000, B>, <8000, A>, <8000, A>, <8000, B>, <8000, B>
[P6000] votes received from 7000: <7000, B>, <7000, B>, <7000, B>
[P6000] end round 3
[P6000] begin round 4
[P6000] votes sent to 8000: <6000, B>, <7000, B>, <7000, B>, <8000, A>, <8000, A>, <8000, B>, <8000, B>
[P6000] votes received from 8000: <8000, A>, <8000, B>, <8000, B>, <8000, B>, <8000, B>
